mode: atomic
github.com/taskflow/api/cmd/server/main.go:14.13,16.16 2 0
github.com/taskflow/api/cmd/server/main.go:16.16,18.3 1 0
github.com/taskflow/api/cmd/server/main.go:22.2,23.53 2 0
github.com/taskflow/api/cmd/server/main.go:23.53,25.17 2 0
github.com/taskflow/api/cmd/server/main.go:25.17,28.4 1 0
github.com/taskflow/api/cmd/server/main.go:29.3,29.42 1 0
github.com/taskflow/api/cmd/server/main.go:29.42,31.4 1 0
github.com/taskflow/api/cmd/server/main.go:32.3,33.55 2 0
github.com/taskflow/api/cmd/server/main.go:34.8,38.3 3 0
github.com/taskflow/api/cmd/server/main.go:39.2,48.59 7 0
github.com/taskflow/api/cmd/server/main.go:48.59,50.3 1 0
github.com/taskflow/api/internal/handler/handler.go:23.45,25.2 1 13
github.com/taskflow/api/internal/handler/handler.go:28.54,36.2 7 13
github.com/taskflow/api/internal/handler/handler.go:38.66,45.2 1 3
github.com/taskflow/api/internal/handler/handler.go:47.69,50.16 3 4
github.com/taskflow/api/internal/handler/handler.go:50.16,53.3 2 1
github.com/taskflow/api/internal/handler/handler.go:54.2,54.18 1 3
github.com/taskflow/api/internal/handler/handler.go:54.18,56.3 1 1
github.com/taskflow/api/internal/handler/handler.go:57.2,61.4 1 3
github.com/taskflow/api/internal/handler/handler.go:64.70,66.44 2 18
github.com/taskflow/api/internal/handler/handler.go:66.44,69.3 2 2
github.com/taskflow/api/internal/handler/handler.go:70.2,71.16 2 16
github.com/taskflow/api/internal/handler/handler.go:71.16,74.3 2 3
github.com/taskflow/api/internal/handler/handler.go:75.2,75.40 1 13
github.com/taskflow/api/internal/handler/handler.go:78.67,80.16 2 5
github.com/taskflow/api/internal/handler/handler.go:80.16,83.3 2 4
github.com/taskflow/api/internal/handler/handler.go:84.2,84.35 1 1
github.com/taskflow/api/internal/handler/handler.go:87.70,89.44 2 12
github.com/taskflow/api/internal/handler/handler.go:89.44,92.3 2 1
github.com/taskflow/api/internal/handler/handler.go:93.2,94.16 2 11
github.com/taskflow/api/internal/handler/handler.go:94.16,95.55 1 2
github.com/taskflow/api/internal/handler/handler.go:95.55,98.4 2 1
github.com/taskflow/api/internal/handler/handler.go:99.3,100.9 2 1
github.com/taskflow/api/internal/handler/handler.go:102.2,102.35 1 9
github.com/taskflow/api/internal/handler/handler.go:105.70,107.16 2 3
github.com/taskflow/api/internal/handler/handler.go:107.16,110.3 2 1
github.com/taskflow/api/internal/handler/handler.go:111.2,114.4 1 2
github.com/taskflow/api/internal/handler/handler.go:117.68,119.16 2 4
github.com/taskflow/api/internal/handler/handler.go:119.16,122.3 2 1
github.com/taskflow/api/internal/handler/handler.go:123.2,123.36 1 3
github.com/taskflow/api/internal/handler/handler.go:126.66,129.53 3 49
github.com/taskflow/api/internal/handler/handler.go:129.53,131.3 1 0
github.com/taskflow/api/internal/handler/handler.go:134.64,136.2 1 15
github.com/taskflow/api/internal/handler/handler.go:138.55,141.2 2 30
github.com/taskflow/api/internal/repository/memory.go:21.46,23.2 1 12
github.com/taskflow/api/internal/repository/memory.go:25.56,30.2 4 120
github.com/taskflow/api/internal/repository/memory.go:32.74,37.2 4 4
github.com/taskflow/api/internal/repository/memory.go:39.60,43.28 4 2
github.com/taskflow/api/internal/repository/memory.go:43.28,45.3 1 2
github.com/taskflow/api/internal/repository/memory.go:46.2,46.20 1 2
github.com/taskflow/api/internal/repository/memory.go:53.84,57.28 4 3
github.com/taskflow/api/internal/repository/memory.go:57.28,58.25 1 8
github.com/taskflow/api/internal/repository/memory.go:58.25,60.4 1 4
github.com/taskflow/api/internal/repository/memory.go:62.2,62.20 1 3
github.com/taskflow/api/internal/repository/memory.go:65.60,68.31 3 5
github.com/taskflow/api/internal/repository/memory.go:68.31,70.3 1 1
github.com/taskflow/api/internal/repository/memory.go:71.2,72.18 2 4
github.com/taskflow/api/internal/repository/memory.go:75.49,79.2 3 7
github.com/taskflow/api/internal/repository/memory.go:81.42,81.56 1 1
github.com/taskflow/api/internal/repository/memory.go:84.36,88.2 3 1
github.com/taskflow/api/internal/repository/memory.go:90.44,93.2 2 1
github.com/taskflow/api/internal/repository/postgres.go:25.77,30.16 4 0
github.com/taskflow/api/internal/repository/postgres.go:30.16,32.3 1 0
github.com/taskflow/api/internal/repository/postgres.go:33.2,33.39 1 0
github.com/taskflow/api/internal/repository/postgres.go:33.39,36.3 2 0
github.com/taskflow/api/internal/repository/postgres.go:37.2,37.45 1 0
github.com/taskflow/api/internal/repository/postgres.go:41.46,58.2 3 0
github.com/taskflow/api/internal/repository/postgres.go:60.58,75.2 3 0
github.com/taskflow/api/internal/repository/postgres.go:77.76,84.26 4 0
github.com/taskflow/api/internal/repository/postgres.go:84.26,86.3 1 0
github.com/taskflow/api/internal/repository/postgres.go:87.2,87.16 1 0
github.com/taskflow/api/internal/repository/postgres.go:87.16,89.3 1 0
github.com/taskflow/api/internal/repository/postgres.go:90.2,90.24 1 0
github.com/taskflow/api/internal/repository/postgres.go:93.62,98.16 3 0
github.com/taskflow/api/internal/repository/postgres.go:98.16,100.3 1 0
github.com/taskflow/api/internal/repository/postgres.go:101.2,102.27 2 0
github.com/taskflow/api/internal/repository/postgres.go:109.86,115.16 3 0
github.com/taskflow/api/internal/repository/postgres.go:115.16,117.3 1 0
github.com/taskflow/api/internal/repository/postgres.go:118.2,119.27 2 0
github.com/taskflow/api/internal/repository/postgres.go:122.62,125.16 3 0
github.com/taskflow/api/internal/repository/postgres.go:125.16,127.3 1 0
github.com/taskflow/api/internal/repository/postgres.go:128.2,128.36 1 0
github.com/taskflow/api/internal/repository/postgres.go:131.51,136.2 4 0
github.com/taskflow/api/internal/repository/postgres.go:138.44,141.2 2 0
github.com/taskflow/api/internal/repository/postgres.go:144.103,146.85 2 0
github.com/taskflow/api/internal/repository/postgres.go:146.85,148.3 1 0
github.com/taskflow/api/internal/repository/postgres.go:153.48,160.2 3 0
github.com/taskflow/api/internal/repository/postgres.go:162.56,164.18 2 0
github.com/taskflow/api/internal/repository/postgres.go:164.18,169.17 2 0
github.com/taskflow/api/internal/repository/postgres.go:169.17,171.4 1 0
github.com/taskflow/api/internal/repository/postgres.go:172.3,172.27 1 0
github.com/taskflow/api/internal/repository/postgres.go:174.2,174.26 1 0
github.com/taskflow/api/internal/validator/validator.go:10.37,17.2 2 7
github.com/taskflow/api/internal/validator/validator.go:20.35,27.2 2 6
github.com/taskflow/api/internal/validator/validator.go:30.32,32.2 1 5
github.com/taskflow/api/internal/validator/validator.go:35.40,37.2 1 6
github.com/taskflow/api/internal/service/service.go:19.66,21.2 1 17
github.com/taskflow/api/internal/service/service.go:24.79,25.38 1 74
github.com/taskflow/api/internal/service/service.go:25.38,27.3 1 2
github.com/taskflow/api/internal/service/service.go:28.2,28.42 1 72
github.com/taskflow/api/internal/service/service.go:28.42,30.3 1 1
github.com/taskflow/api/internal/service/service.go:31.2,32.20 2 71
github.com/taskflow/api/internal/service/service.go:32.20,34.3 1 67
github.com/taskflow/api/internal/service/service.go:35.2,35.50 1 71
github.com/taskflow/api/internal/service/service.go:35.50,37.3 1 1
github.com/taskflow/api/internal/service/service.go:39.2,49.42 3 70
github.com/taskflow/api/internal/service/service.go:49.42,51.3 1 1
github.com/taskflow/api/internal/service/service.go:52.2,52.18 1 69
github.com/taskflow/api/internal/service/service.go:56.62,58.16 2 4
github.com/taskflow/api/internal/service/service.go:58.16,60.3 1 1
github.com/taskflow/api/internal/service/service.go:61.2,61.9 1 3
github.com/taskflow/api/internal/service/service.go:61.9,63.3 1 2
github.com/taskflow/api/internal/service/service.go:64.2,64.18 1 1
github.com/taskflow/api/internal/service/service.go:68.73,69.24 1 3
github.com/taskflow/api/internal/service/service.go:69.24,70.45 1 2
github.com/taskflow/api/internal/service/service.go:70.45,72.4 1 1
github.com/taskflow/api/internal/service/service.go:73.3,73.57 1 1
github.com/taskflow/api/internal/service/service.go:75.2,75.25 1 1
github.com/taskflow/api/internal/service/service.go:79.90,81.16 2 14
github.com/taskflow/api/internal/service/service.go:81.16,83.3 1 0
github.com/taskflow/api/internal/service/service.go:84.2,84.9 1 14
github.com/taskflow/api/internal/service/service.go:84.9,86.3 1 1
github.com/taskflow/api/internal/service/service.go:88.2,88.22 1 13
github.com/taskflow/api/internal/service/service.go:88.22,89.40 1 2
github.com/taskflow/api/internal/service/service.go:89.40,91.4 1 1
github.com/taskflow/api/internal/service/service.go:92.3,92.26 1 1
github.com/taskflow/api/internal/service/service.go:94.2,94.28 1 12
github.com/taskflow/api/internal/service/service.go:94.28,96.3 1 2
github.com/taskflow/api/internal/service/service.go:97.2,97.23 1 12
github.com/taskflow/api/internal/service/service.go:97.23,98.52 1 9
github.com/taskflow/api/internal/service/service.go:98.52,100.4 1 1
github.com/taskflow/api/internal/service/service.go:101.3,102.65 2 8
github.com/taskflow/api/internal/service/service.go:102.65,105.4 2 5
github.com/taskflow/api/internal/service/service.go:107.2,108.42 2 11
github.com/taskflow/api/internal/service/service.go:108.42,110.3 1 1
github.com/taskflow/api/internal/service/service.go:111.2,111.18 1 10
github.com/taskflow/api/internal/service/service.go:115.61,117.16 2 5
github.com/taskflow/api/internal/service/service.go:117.16,119.3 1 1
github.com/taskflow/api/internal/service/service.go:120.2,120.9 1 4
github.com/taskflow/api/internal/service/service.go:120.9,122.3 1 1
github.com/taskflow/api/internal/service/service.go:123.2,123.45 1 3
github.com/taskflow/api/internal/service/service.go:123.45,125.3 1 1
github.com/taskflow/api/internal/service/service.go:126.2,126.18 1 2
github.com/taskflow/api/internal/service/service.go:130.63,132.16 2 6
github.com/taskflow/api/internal/service/service.go:132.16,134.3 1 1
github.com/taskflow/api/internal/service/service.go:135.2,148.26 2 5
github.com/taskflow/api/internal/service/service.go:148.26,151.3 2 5
github.com/taskflow/api/internal/service/service.go:152.2,153.19 2 5
github.com/taskflow/api/internal/service/service.go:160.58,161.21 1 10
github.com/taskflow/api/internal/service/service.go:161.21,163.3 1 3
github.com/taskflow/api/internal/service/service.go:164.2,165.26 2 7
github.com/taskflow/api/internal/service/service.go:165.26,166.35 1 14
github.com/taskflow/api/internal/service/service.go:166.35,168.4 1 6
github.com/taskflow/api/internal/service/service.go:171.2,171.57 1 7
github.com/taskflow/api/internal/service/service.go:177.26,180.2 2 70
